<?xml version="1.0" encoding="utf-8"?><testsuites name="pytest tests"><testsuite name="pytest" errors="0" failures="0" skipped="0" tests="5" time="1.480" timestamp="2026-06-28T14:00:15.802539+00:00" hostname="agent-env-250ecd7e-6c52-478e-b9af-54e26b12463d"><testcase classname="tests.test_gaia_backend.TestLowRatingAlert" name="test_low_rating_alert_returns_email_not_sent" time="0.361" /><testcase classname="tests.test_gaia_backend.TestConfig" name="test_get_config" time="0.264" /><testcase classname="tests.test_gaia_backend.TestLowRatingAlert" name="test_high_rating_returns_400" time="0.173" /><testcase classname="tests.test_gaia_backend.TestLowRatingAlert" name="test_rate_limit_second_call_429" time="0.229" /><testcase classname="tests.test_gaia_backend.TestLowRatingAlert" name="test_rating_below_1_validation" time="0.136" /></testsuite></testsuites>